<?xml version="1.0" encoding="UTF-8"?>
<!-- Generated by org.testng.reporters.JUnitReportReporter -->
<testsuite skipped="0" hostname="Adels-MacBook-Pro.local" name="BitPandaAPIs.PostCreateUser" tests="6" failures="0" timestamp="14 Jul 2021 22:33:01 GMT" time="5.980" errors="0">
  <testcase name="CreateUserAPI" time="1.800" classname="BitPandaAPIs.PostCreateUser"/>
  <testcase name="getUserInfobyUserName" time="1.253" classname="BitPandaAPIs.PostCreateUser"/>
  <testcase name="UpdateUserInfobyUserName" time="0.708" classname="BitPandaAPIs.PostCreateUser"/>
  <testcase name="DeleteUserbyUserName" time="0.672" classname="BitPandaAPIs.PostCreateUser"/>
  <testcase name="DeleteUserbyUserNameNotExist" time="0.683" classname="BitPandaAPIs.PostCreateUser"/>
  <testcase name="getUserInfobyNotExistUserName" time="0.864" classname="BitPandaAPIs.PostCreateUser"/>
</testsuite> <!-- BitPandaAPIs.PostCreateUser -->
